<?xml version="1.0" encoding="UTF-8"?>
<testsuites name="Test" time="0.154" tests="1" failures="0" errors="0">
   <testsuite name="Test" tests="1" failures="0" errors="0" time="0.154" skipped="0" timestamp="16-01-2025T12:14:26" hostname="macbookpro - localhost" id="Test Suites/Test">
      <properties>
         <property name="deviceName" value=""/>
         <property name="devicePlatform"/>
         <property name="logFolder" value="/Users/macbookpro/Katalon Studio/CareTuner/Reports/20250116_121421/Test/20250116_121422"/>
         <property name="logFiles" value="/Users/macbookpro/Katalon Studio/CareTuner/Reports/20250116_121421/Test/20250116_121422/execution0.log"/>
         <property name="attachments" value=""/>
         <property name="hostName" value="macbookpro - localhost"/>
         <property name="hostAddress" value="127.0.0.1"/>
         <property name="os" value="Mac OS X 64bit"/>
         <property name="katalonVersion" value="10.0.1.223"/>
      </properties>
      <testcase name="Test Cases/Viewing patient diary" time="0.081" classname="Test Cases/Viewing patient diary" status="PASSED">
         <system-out><![CDATA[16-01-2025T12:14:26 - [TEST_CASE][PASSED] - Test Cases/Viewing patient diary: Test Cases/Viewing patient diary

16-01-2025T12:14:26 - [TEST_STEP][PASSED] - return null: null]]></system-out>
         <system-err><![CDATA[]]></system-err>
      </testcase>
      <system-out><![CDATA[16-01-2025T12:14:26 - [TEST_SUITE][PASSED] - Test: Test Cases/Viewing patient diary]]></system-out>
      <system-err><![CDATA[]]></system-err>
   </testsuite>
</testsuites>
